SF:lib/inside/blocs/counter/events.dart
DA:2,4
DA:6,1
DA:10,1
DA:14,1
DA:18,1
LF:5
LH:5
end_of_record
SF:lib/inside/routes/home/widgets/button_decrement.dart
DA:9,1
DA:11,1
DA:13,1
DA:14,1
DA:20,1
DA:21,1
DA:22,1
DA:24,4
LF:8
LH:8
end_of_record
SF:lib/inside/routes/home/widgets/button_increment.dart
DA:9,1
DA:11,1
DA:13,1
DA:14,1
DA:20,1
DA:21,1
DA:22,1
DA:24,4
LF:8
LH:8
end_of_record
SF:lib/inside/routes/home/widgets/button_reset.dart
DA:9,1
DA:11,1
DA:13,1
DA:14,1
DA:15,1
DA:16,1
DA:18,4
LF:7
LH:7
end_of_record
SF:lib/app/builder.dart
DA:19,3
DA:24,1
DA:32,1
DA:33,4
DA:35,1
DA:37,1
DA:41,1
DA:42,1
DA:53,1
DA:67,1
DA:69,1
DA:70,1
DA:71,2
DA:72,2
DA:74,1
DA:75,1
DA:76,1
DA:77,1
DA:79,1
DA:81,1
DA:82,1
DA:90,2
DA:91,1
DA:92,2
DA:95,1
DA:96,1
DA:98,2
DA:99,1
DA:100,1
DA:101,2
DA:102,1
DA:104,1
LF:32
LH:32
end_of_record
SF:lib/outside/effect_providers/mixpanel/effect_provider.dart
DA:11,0
DA:20,0
DA:22,0
DA:23,0
DA:24,0
DA:25,0
DA:26,0
DA:30,0
DA:33,0
DA:35,0
DA:37,0
DA:38,0
DA:39,0
DA:43,0
DA:45,0
DA:46,0
DA:48,0
DA:52,0
DA:53,0
LF:19
LH:0
end_of_record
SF:lib/shared/mixins/logging.dart
DA:5,2
DA:6,8
LF:2
LH:2
end_of_record
SF:lib/outside/effect_providers/mixpanel/effect.dart
DA:8,0
DA:14,0
DA:18,0
DA:19,0
DA:20,0
DA:22,0
DA:27,0
DA:29,0
DA:33,0
DA:36,0
DA:37,0
DA:38,0
DA:41,0
DA:45,0
DA:47,0
DA:49,0
DA:53,0
DA:58,0
DA:59,0
DA:61,0
DA:63,0
LF:21
LH:0
end_of_record
SF:lib/outside/effect_providers/all.dart
DA:13,1
DA:21,0
DA:22,0
DA:23,0
DA:26,1
DA:27,1
DA:28,1
DA:29,1
DA:31,1
DA:32,1
DA:37,0
DA:38,0
DA:39,0
DA:40,0
LF:14
LH:7
end_of_record
SF:lib/outside/effect_providers/mixpanel/effect_fake.dart
DA:5,0
DA:10,0
DA:11,0
DA:12,0
DA:15,0
DA:17,0
DA:20,0
DA:25,0
DA:28,1
DA:34,1
DA:35,2
LF:11
LH:3
end_of_record
SF:lib/outside/repositories/all.dart
DA:12,1
DA:18,0
DA:19,0
DA:22,1
DA:23,1
DA:24,1
DA:25,2
DA:30,0
DA:31,0
DA:32,0
DA:33,0
LF:11
LH:5
end_of_record
SF:lib/outside/repositories/persistence/repository.dart
DA:6,0
DA:13,0
DA:15,0
DA:18,0
DA:19,0
DA:22,0
DA:23,0
LF:7
LH:0
end_of_record
SF:lib/inside/routes/router.dart
DA:10,1
DA:14,1
DA:17,1
DA:18,1
DA:19,1
DA:21,1
DA:23,1
LF:7
LH:7
end_of_record
SF:lib/outside/effect_providers/mixpanel/route_observer.dart
DA:7,1
DA:13,1
DA:19,2
DA:20,3
DA:21,2
DA:22,2
DA:28,0
DA:30,0
DA:32,0
DA:39,1
DA:41,1
DA:42,1
DA:48,0
DA:50,0
DA:53,0
LF:15
LH:9
end_of_record
SF:lib/outside/theme/theme.dart
DA:11,2
DA:12,2
DA:15,3
DA:21,3
LF:4
LH:4
end_of_record
SF:lib/outside/theme/tokens/icon_size.dart
DA:13,1
DA:36,0
DA:44,0
DA:45,0
DA:46,0
DA:47,0
DA:48,0
DA:49,0
DA:54,0
DA:56,0
DA:57,0
DA:58,0
DA:59,0
DA:60,0
DA:61,0
DA:62,0
DA:66,0
DA:67,0
DA:68,0
DA:69,0
DA:70,0
DA:71,0
DA:72,0
LF:23
LH:1
end_of_record
SF:lib/outside/theme/tokens/radius.dart
DA:12,1
DA:31,0
DA:38,0
DA:39,0
DA:40,0
DA:41,0
DA:42,0
DA:47,0
DA:49,0
DA:50,0
DA:51,0
DA:52,0
DA:53,0
DA:54,0
DA:58,0
DA:59,0
DA:60,0
DA:61,0
DA:62,0
DA:63,0
LF:20
LH:1
end_of_record
SF:lib/outside/theme/tokens/extensions.dart
DA:10,1
DA:11,2
DA:16,1
DA:26,0
DA:32,0
DA:33,0
DA:34,0
DA:35,0
DA:39,0
DA:44,0
DA:45,0
DA:46,0
DA:47,0
DA:48,0
DA:52,0
DA:53,0
DA:54,0
DA:55,0
DA:56,0
LF:19
LH:3
end_of_record
SF:lib/outside/theme/tokens/spacing.dart
DA:20,1
DA:71,0
DA:86,0
DA:87,0
DA:88,0
DA:89,0
DA:90,0
DA:91,0
DA:92,0
DA:93,0
DA:94,0
DA:95,0
DA:96,0
DA:97,0
DA:98,0
DA:103,0
DA:105,0
DA:106,0
DA:107,0
DA:108,0
DA:109,0
DA:110,0
DA:111,0
DA:112,0
DA:113,0
DA:114,0
DA:115,0
DA:116,0
DA:117,0
DA:118,0
DA:122,0
DA:123,0
DA:124,0
DA:125,0
DA:126,0
DA:127,0
DA:128,0
DA:129,0
DA:130,0
DA:131,0
DA:132,0
DA:133,0
DA:134,0
DA:135,0
LF:44
LH:1
end_of_record
SF:lib/inside/blocs/base.dart
DA:8,1
LF:1
LH:1
end_of_record
SF:lib/inside/blocs/counter/bloc.dart
DA:10,1
DA:12,1
DA:13,2
DA:14,2
DA:15,2
DA:16,2
DA:18,1
DA:25,1
DA:30,2
DA:31,3
DA:33,2
DA:37,1
DA:41,3
DA:43,2
DA:45,2
DA:47,3
DA:51,1
DA:55,3
DA:57,2
DA:59,2
DA:61,3
DA:65,1
DA:70,2
DA:72,2
DA:74,3
LF:25
LH:25
end_of_record
SF:lib/inside/blocs/counter/state.dart
DA:8,2
DA:12,1
DA:13,1
DA:16,1
DA:17,2
LF:5
LH:5
end_of_record
SF:lib/inside/blocs/counter/state.g.dart
DA:9,0
DA:10,0
DA:12,0
DA:13,0
LF:4
LH:0
end_of_record
SF:lib/inside/routes/home/page.dart
DA:16,1
DA:18,1
DA:20,1
DA:21,2
DA:22,1
DA:28,1
DA:30,1
DA:32,1
DA:36,1
DA:37,1
DA:49,1
DA:50,1
DA:51,3
DA:53,1
DA:55,1
DA:57,4
DA:59,4
DA:61,4
LF:18
LH:18
end_of_record
SF:lib/inside/routes/home/widgets/header.dart
DA:6,1
DA:9,1
DA:13,1
DA:15,3
DA:17,1
DA:18,1
LF:6
LH:6
end_of_record
SF:lib/inside/routes/home/widgets/text_current_count.dart
DA:7,1
DA:9,1
DA:11,4
DA:13,1
DA:14,3
DA:15,3
LF:6
LH:6
end_of_record
SF:lib/outside/effect_providers/base.dart
DA:6,0
LF:1
LH:0
end_of_record
SF:lib/outside/effect_providers/mixpanel/effect_provider_configuration.dart
DA:2,0
DA:7,0
LF:2
LH:0
end_of_record
